<?xml version="1.0" encoding="UTF-8"?>
<!-- Generated by org.testng.reporters.JUnitXMLReporter -->
<testsuite hostname="DESKTOP-7BJ3MSG" ignored="0" name="DemoTest" tests="3" failures="0" timestamp="2021-06-21T23:54:57 IST" time="4.175" errors="0">
  <testcase name="test3" time="1.247" classname="testCasePackage.DemoTest1"/>
  <testcase name="test2" time="1.404" classname="testCasePackage.DemoTest1"/>
  <testcase name="test1" time="1.236" classname="testCasePackage.DemoTest1"/>
</testsuite> <!-- DemoTest -->
