<?xml version="1.0" encoding="UTF-8"?>
<testsuite xmlns:xsi="http://www.w3.org/2001/XMLSchema-instance" xsi:noNamespaceSchemaLocation="https://maven.apache.org/surefire/maven-surefire-plugin/xsd/surefire-test-report-3.0.xsd" version="3.0" name="TestSuite" time="8.929" tests="3" errors="0" skipped="0" failures="0">
  <properties>
[...]
</properties>
  <testcase name="test2" classname="testCasePackage.DemoTest1" time="1.359">
    <system-out><![CDATA[Title of Test 2 : Google
]]></system-out>
    <system-err><![CDATA[SLF4J: Failed to load class "org.slf4j.impl.StaticLoggerBinder".
SLF4J: Defaulting to no-operation (NOP) logger implementation
SLF4J: See http://www.slf4j.org/codes.html#StaticLoggerBinder for further details.
Starting ChromeDriver 91.0.447S2t.1a0r1t i(nagf5 2Cah9ro0bmefD8r7i0v30edrd1 59213S.4t08a.6ra4t14ic7nd23.ga1 eC02h51cr 5o(dm7ae6Dfcr5i92vbae-9rr0 e9bf1fs.8/07b.0r4a34n07cd2hd.-11h50e21a3 d4(s8a/6f4a54127c2ad@93{a0#eb12f4586c7250}d3)70 6dodcn19 5bp2-o3rret4f 8s26/3ab91r0cad
3nOacnehl2-y5h celaod5csd/a74l64 c7c92ob@n-{nr#ee1cft4si/6ob2nsr} a)an rcoehn - ahlpeloaodrwste/ d42.42712
8P@9l{e#a1
s4Oe6n 2ls}ye)e  l oohnct atplpo scr:ot/n /n3ce4hc5r9to1imoe
ndOrsni lvayer rel. cohacrlaollmo icwouendm..noe
crPtlge/iasoseenc sus reaiert eyh -tactloplnsos:wi/ed/dec.rharto
imPoelnesda rsfieov resr e.secu hghrgtoetmspitsui:mo/.n/oscr hgro/onsm eekdcerueripivitenyrg-. ccChohrnrosomimideueDmrr.aiotvriegor/n ssse acffueor.ri t
syu-gcgoensstiidoenrsa toino nkse efpoirn gs CuhgrgoesmteiDornisv eonr  kseaefpei.ng
 ChromeDriver safe.
CChhrroommeeDDrriivveerr  wwasa ssta rstetd asrutcceesds fuslulcy.c
essfully.
ChromeDriver was started successfully.
Jun 21, 2021 11:59:24 PM org.openqa.selenium.remote.ProtocolHandshake createSession
INFO: Detected dialect: W3C
Jun 21, 2021 11:59:24 PM org.openqa.selenium.remote.ProtocolHandshake createSession
INFO: Detected dialect: W3C
Jun 21, 2021 11:59:24 PM org.openqa.selenium.remote.ProtocolHandshake createSession
INFO: Detected dialect: W3C
]]></system-err>
  </testcase>
  <testcase name="test3" classname="testCasePackage.DemoTest1" time="1.365">
    <system-out><![CDATA[Title of Test 3 : Google
]]></system-out>
  </testcase>
  <testcase name="test1" classname="testCasePackage.DemoTest1" time="1.634">
    <system-out><![CDATA[Title of Test 1 : Google
]]></system-out>
  </testcase>
</testsuite>