<?xml version="1.0" encoding="UTF-8"?>
<testng-results skipped="0" failed="0" ignored="0" total="3" passed="3">
  <reporter-output>
  </reporter-output>
  <suite name="DemoSuite" duration-ms="8528" started-at="2021-06-21T23:59:22 IST" finished-at="2021-06-21T23:59:30 IST">
    <groups>
    </groups>
    <test name="DemoTest" duration-ms="8528" started-at="2021-06-21T23:59:22 IST" finished-at="2021-06-21T23:59:30 IST">
      <class name="testCasePackage.DemoTest1">
        <test-method status="PASS" signature="setup()[pri:0, instance:testCasePackage.DemoTest1@5f9d02cb]" name="setup" is-config="true" duration-ms="2704" started-at="2021-06-21T23:59:22 IST" finished-at="2021-06-21T23:59:24 IST">
          <reporter-output>
          </reporter-output>
        </test-method> <!-- setup -->
        <test-method status="PASS" signature="setup()[pri:0, instance:testCasePackage.DemoTest1@5f9d02cb]" name="setup" is-config="true" duration-ms="2666" started-at="2021-06-21T23:59:22 IST" finished-at="2021-06-21T23:59:24 IST">
          <reporter-output>
          </reporter-output>
        </test-method> <!-- setup -->
        <test-method status="PASS" signature="setup()[pri:0, instance:testCasePackage.DemoTest1@5f9d02cb]" name="setup" is-config="true" duration-ms="2605" started-at="2021-06-21T23:59:22 IST" finished-at="2021-06-21T23:59:24 IST">
          <reporter-output>
          </reporter-output>
        </test-method> <!-- setup -->
        <test-method status="PASS" signature="test3()[pri:0, instance:testCasePackage.DemoTest1@5f9d02cb]" name="test3" duration-ms="1461" started-at="2021-06-21T23:59:24 IST" finished-at="2021-06-21T23:59:26 IST">
          <reporter-output>
          </reporter-output>
        </test-method> <!-- test3 -->
        <test-method status="PASS" signature="test2()[pri:0, instance:testCasePackage.DemoTest1@5f9d02cb]" name="test2" duration-ms="1393" started-at="2021-06-21T23:59:24 IST" finished-at="2021-06-21T23:59:26 IST">
          <reporter-output>
          </reporter-output>
        </test-method> <!-- test2 -->
        <test-method status="PASS" signature="test1()[pri:0, instance:testCasePackage.DemoTest1@5f9d02cb]" name="test1" duration-ms="1634" started-at="2021-06-21T23:59:24 IST" finished-at="2021-06-21T23:59:26 IST">
          <reporter-output>
          </reporter-output>
        </test-method> <!-- test1 -->
        <test-method status="PASS" signature="tearDown()[pri:0, instance:testCasePackage.DemoTest1@5f9d02cb]" name="tearDown" is-config="true" duration-ms="171" started-at="2021-06-21T23:59:26 IST" finished-at="2021-06-21T23:59:26 IST">
          <reporter-output>
          </reporter-output>
        </test-method> <!-- tearDown -->
        <test-method status="PASS" signature="tearDown()[pri:0, instance:testCasePackage.DemoTest1@5f9d02cb]" name="tearDown" is-config="true" duration-ms="4163" started-at="2021-06-21T23:59:26 IST" finished-at="2021-06-21T23:59:30 IST">
          <reporter-output>
          </reporter-output>
        </test-method> <!-- tearDown -->
        <test-method status="PASS" signature="tearDown()[pri:0, instance:testCasePackage.DemoTest1@5f9d02cb]" name="tearDown" is-config="true" duration-ms="4162" started-at="2021-06-21T23:59:26 IST" finished-at="2021-06-21T23:59:30 IST">
          <reporter-output>
          </reporter-output>
        </test-method> <!-- tearDown -->
      </class> <!-- testCasePackage.DemoTest1 -->
    </test> <!-- DemoTest -->
  </suite> <!-- DemoSuite -->
</testng-results>
