<?xml version="1.0" encoding="UTF-8"?>
<testng-results skipped="0" failed="0" ignored="0" total="3" passed="3">
  <reporter-output>
  </reporter-output>
  <suite name="DemoSuite" duration-ms="4175" started-at="2021-06-21T23:54:53 IST" finished-at="2021-06-21T23:54:57 IST">
    <groups>
    </groups>
    <test name="DemoTest" duration-ms="4175" started-at="2021-06-21T23:54:53 IST" finished-at="2021-06-21T23:54:57 IST">
      <class name="testCasePackage.DemoTest1">
        <test-method status="PASS" signature="setup()[pri:0, instance:testCasePackage.DemoTest1@4b1c1ea0]" name="setup" is-config="true" duration-ms="2679" started-at="2021-06-21T23:54:53 IST" finished-at="2021-06-21T23:54:55 IST">
          <reporter-output>
          </reporter-output>
        </test-method> <!-- setup -->
        <test-method status="PASS" signature="setup()[pri:0, instance:testCasePackage.DemoTest1@4b1c1ea0]" name="setup" is-config="true" duration-ms="2522" started-at="2021-06-21T23:54:53 IST" finished-at="2021-06-21T23:54:55 IST">
          <reporter-output>
          </reporter-output>
        </test-method> <!-- setup -->
        <test-method status="PASS" signature="setup()[pri:0, instance:testCasePackage.DemoTest1@4b1c1ea0]" name="setup" is-config="true" duration-ms="2788" started-at="2021-06-21T23:54:53 IST" finished-at="2021-06-21T23:54:56 IST">
          <reporter-output>
          </reporter-output>
        </test-method> <!-- setup -->
        <test-method status="PASS" signature="test2()[pri:0, instance:testCasePackage.DemoTest1@4b1c1ea0]" name="test2" duration-ms="1404" started-at="2021-06-21T23:54:55 IST" finished-at="2021-06-21T23:54:57 IST">
          <reporter-output>
          </reporter-output>
        </test-method> <!-- test2 -->
        <test-method status="PASS" signature="test3()[pri:0, instance:testCasePackage.DemoTest1@4b1c1ea0]" name="test3" duration-ms="1247" started-at="2021-06-21T23:54:55 IST" finished-at="2021-06-21T23:54:57 IST">
          <reporter-output>
          </reporter-output>
        </test-method> <!-- test3 -->
        <test-method status="PASS" signature="test1()[pri:0, instance:testCasePackage.DemoTest1@4b1c1ea0]" name="test1" duration-ms="1236" started-at="2021-06-21T23:54:56 IST" finished-at="2021-06-21T23:54:57 IST">
          <reporter-output>
          </reporter-output>
        </test-method> <!-- test1 -->
        <test-method status="PASS" signature="tearDown()[pri:0, instance:testCasePackage.DemoTest1@4b1c1ea0]" name="tearDown" is-config="true" duration-ms="203" started-at="2021-06-21T23:54:57 IST" finished-at="2021-06-21T23:54:57 IST">
          <reporter-output>
          </reporter-output>
        </test-method> <!-- tearDown -->
        <test-method status="PASS" signature="tearDown()[pri:0, instance:testCasePackage.DemoTest1@4b1c1ea0]" name="tearDown" is-config="true" duration-ms="207" started-at="2021-06-21T23:54:57 IST" finished-at="2021-06-21T23:54:57 IST">
          <reporter-output>
          </reporter-output>
        </test-method> <!-- tearDown -->
        <test-method status="PASS" signature="tearDown()[pri:0, instance:testCasePackage.DemoTest1@4b1c1ea0]" name="tearDown" is-config="true" duration-ms="105" started-at="2021-06-21T23:54:57 IST" finished-at="2021-06-21T23:54:57 IST">
          <reporter-output>
          </reporter-output>
        </test-method> <!-- tearDown -->
      </class> <!-- testCasePackage.DemoTest1 -->
    </test> <!-- DemoTest -->
  </suite> <!-- DemoSuite -->
</testng-results>
